<?xml version="1.0" encoding="UTF-8"?>
<!-- Generated by org.testng.reporters.JUnitXMLReporter -->
<testsuite ignored="4" hostname="NIVEDHA" failures="0" tests="1" name="Default test" time="13.781" errors="0" timestamp="2026-04-09T12:04:28 IST">
  <testcase classname="tests.CartTest" name="cartEmptyAfterRemovingAllTest" time="10.694"/>
  <testcase classname="tests.CartTest" name="continueShoppingTest" time="0.0">
    <ignored/>
  </testcase> <!-- continueShoppingTest -->
  <testcase classname="tests.CartTest" name="addSingleItemToCartTest" time="0.0">
    <ignored/>
  </testcase> <!-- addSingleItemToCartTest -->
  <testcase classname="tests.CartTest" name="addMultipleItemsToCartTest" time="0.0">
    <ignored/>
  </testcase> <!-- addMultipleItemsToCartTest -->
  <testcase classname="tests.CartTest" name="removeItemFromCartTest" time="0.0">
    <ignored/>
  </testcase> <!-- removeItemFromCartTest -->
</testsuite> <!-- Default test -->
