<?xml version="1.0" encoding="UTF-8"?>
<testng-results ignored="0" total="1" passed="1" failed="0" skipped="0">
  <reporter-output>
  </reporter-output>
  <suite started-at="2026-04-09T12:04:15 IST" name="Default suite" finished-at="2026-04-09T12:04:28 IST" duration-ms="13781">
    <groups>
    </groups>
    <test started-at="2026-04-09T12:04:15 IST" name="Default test" finished-at="2026-04-09T12:04:28 IST" duration-ms="13781">
      <class name="tests.CartTest">
        <test-method is-config="true" signature="setupReport()[pri:0, instance:tests.CartTest@3eb738bb]" started-at="2026-04-09T12:04:14 IST" name="setupReport" finished-at="2026-04-09T12:04:15 IST" duration-ms="177" status="PASS">
          <reporter-output>
          </reporter-output>
        </test-method> <!-- setupReport -->
        <test-method is-config="true" signature="setupBrowser()[pri:0, instance:tests.CartTest@3eb738bb]" started-at="2026-04-09T12:04:15 IST" name="setupBrowser" finished-at="2026-04-09T12:04:17 IST" duration-ms="2820" status="PASS">
          <reporter-output>
          </reporter-output>
        </test-method> <!-- setupBrowser -->
        <test-method signature="cartEmptyAfterRemovingAllTest()[pri:4, instance:tests.CartTest@3eb738bb]" started-at="2026-04-09T12:04:17 IST" name="cartEmptyAfterRemovingAllTest" description="Cart should be empty after removing all items" finished-at="2026-04-09T12:04:28 IST" duration-ms="10694" status="PASS">
          <reporter-output>
          </reporter-output>
        </test-method> <!-- cartEmptyAfterRemovingAllTest -->
        <test-method is-config="true" signature="afterTest(org.testng.ITestResult)[pri:0, instance:tests.CartTest@3eb738bb]" started-at="2026-04-09T12:04:28 IST" name="afterTest" finished-at="2026-04-09T12:04:28 IST" duration-ms="222" status="PASS">
          <params>
            <param index="0">
              <value>
                <![CDATA[[TestResult name=cartEmptyAfterRemovingAllTest status=SUCCESS method=CartTest.cartEmptyAfterRemovingAllTest()[pri:4, instance:tests.CartTest@3eb738bb] output={null}]]]>
              </value>
            </param>
          </params>
          <reporter-output>
          </reporter-output>
        </test-method> <!-- afterTest -->
        <test-method is-config="true" signature="teardownReport()[pri:0, instance:tests.CartTest@3eb738bb]" started-at="2026-04-09T12:04:28 IST" name="teardownReport" finished-at="2026-04-09T12:04:29 IST" duration-ms="259" status="PASS">
          <reporter-output>
          </reporter-output>
        </test-method> <!-- teardownReport -->
      </class> <!-- tests.CartTest -->
    </test> <!-- Default test -->
  </suite> <!-- Default suite -->
</testng-results>
